[debug] [2023-12-05T09:47:39.089Z] ----------------------------------------------------------------------
[debug] [2023-12-05T09:47:39.091Z] Command:       C:\Program Files\nodejs\node.exe C:\Users\SAYAN PC\Documents\GitHub\BlackPanda\server\node_modules\firebase-tools\lib\bin\firebase.js login
[debug] [2023-12-05T09:47:39.092Z] CLI Version:   12.9.1
[debug] [2023-12-05T09:47:39.092Z] Platform:      win32
[debug] [2023-12-05T09:47:39.092Z] Node Version:  v19.3.0
[debug] [2023-12-05T09:47:39.092Z] Time:          Tue Dec 05 2023 15:17:39 GMT+0530 (India Standard Time)
[debug] [2023-12-05T09:47:39.092Z] ----------------------------------------------------------------------
[debug] 
[debug] [2023-12-05T09:47:39.094Z] >>> [apiv2][query] GET https://firebase-public.firebaseio.com/cli.json [none]
[info] i  Firebase optionally collects CLI and Emulator Suite usage and error reporting information to help improve our products. Data is collected in accordance with Google's privacy policy (https://policies.google.com/privacy) and is not used to identify you.
 
[debug] [2023-12-05T09:47:40.143Z] <<< [apiv2][status] GET https://firebase-public.firebaseio.com/cli.json 200
[debug] [2023-12-05T09:47:40.143Z] <<< [apiv2][body] GET https://firebase-public.firebaseio.com/cli.json {"cloudBuildErrorAfter":1594252800000,"cloudBuildWarnAfter":1590019200000,"defaultNode10After":1594252800000,"minVersion":"3.0.5","node8DeploysDisabledAfter":1613390400000,"node8RuntimeDisabledAfter":1615809600000,"node8WarnAfter":1600128000000}
[info] i  To change your data collection preference at any time, run `firebase logout` and log in again. 
[info] 
[info] Visit this URL on this device to log in:
[info] https://accounts.google.com/o/oauth2/auth?client_id=563584335869-fgrhgmd47bqnekij5i8b5pr03ho849e6.apps.googleusercontent.com&scope=email%20openid%20https%3A%2F%2Fwww.googleapis.com%2Fauth%2Fcloudplatformprojects.readonly%20https%3A%2F%2Fwww.googleapis.com%2Fauth%2Ffirebase%20https%3A%2F%2Fwww.googleapis.com%2Fauth%2Fcloud-platform&response_type=code&state=662267649&redirect_uri=http%3A%2F%2Flocalhost%3A9005
[info] 
[info] Waiting for authentication...
[debug] [2023-12-05T09:47:44.440Z] Error: spawn cmd ENOENT
    at ChildProcess._handle.onexit (node:internal/child_process:285:19)
    at onErrorNT (node:internal/child_process:483:16)
    at process.processTicksAndRejections (node:internal/process/task_queues:82:21)
[error] 
[error] Error: An unexpected error has occurred.
